<?xml version="1.0" encoding="UTF-8"?>
<testng-results ignored="0" total="4" passed="4" failed="0" skipped="0">
  <reporter-output>
  </reporter-output>
  <suite started-at="2025-08-21T23:45:39 IST" name="AutomationSuite" finished-at="2025-08-21T23:46:19 IST" duration-ms="39650">
    <groups>
    </groups>
    <test started-at="2025-08-21T23:45:39 IST" name="ChromeTests" finished-at="2025-08-21T23:45:58 IST" duration-ms="18757">
      <class name="drivers1.Test1">
        <test-method is-config="true" signature="setUp(java.lang.String)[pri:0, instance:drivers1.Test1@5ddeb7cb]" started-at="2025-08-21T23:45:39 IST" name="setUp" finished-at="2025-08-21T23:45:43 IST" duration-ms="4210" status="PASS">
          <params>
            <param index="0">
              <value>
                <![CDATA[chrome]]>
              </value>
            </param>
          </params>
          <reporter-output>
          </reporter-output>
        </test-method> <!-- setUp -->
        <test-method signature="invalidLoginTest(java.lang.String,java.lang.String)[pri:0, instance:drivers1.Test1@5ddeb7cb]" started-at="2025-08-21T23:45:43 IST" name="invalidLoginTest" finished-at="2025-08-21T23:45:48 IST" duration-ms="5007" status="PASS">
          <params>
            <param index="0">
              <value>
                <![CDATA[rockybar]]>
              </value>
            </param>
            <param index="1">
              <value>
                <![CDATA[rocky@130589]]>
              </value>
            </param>
          </params>
          <reporter-output>
          </reporter-output>
        </test-method> <!-- invalidLoginTest -->
        <test-method is-config="true" signature="tearDown()[pri:0, instance:drivers1.Test1@5ddeb7cb]" started-at="2025-08-21T23:45:48 IST" name="tearDown" finished-at="2025-08-21T23:45:49 IST" duration-ms="543" status="PASS">
          <reporter-output>
          </reporter-output>
        </test-method> <!-- tearDown -->
        <test-method is-config="true" signature="setUp(java.lang.String)[pri:0, instance:drivers1.Test1@5ddeb7cb]" started-at="2025-08-21T23:45:49 IST" name="setUp" finished-at="2025-08-21T23:45:51 IST" duration-ms="1750" status="PASS">
          <params>
            <param index="0">
              <value>
                <![CDATA[chrome]]>
              </value>
            </param>
          </params>
          <reporter-output>
          </reporter-output>
        </test-method> <!-- setUp -->
        <test-method signature="validLoginTest(java.lang.String,java.lang.String)[pri:0, instance:drivers1.Test1@5ddeb7cb]" started-at="2025-08-21T23:45:51 IST" name="validLoginTest" finished-at="2025-08-21T23:45:57 IST" duration-ms="6683" status="PASS">
          <params>
            <param index="0">
              <value>
                <![CDATA[tomsmith]]>
              </value>
            </param>
            <param index="1">
              <value>
                <![CDATA[SuperSecretPassword!]]>
              </value>
            </param>
          </params>
          <reporter-output>
          </reporter-output>
        </test-method> <!-- validLoginTest -->
        <test-method is-config="true" signature="tearDown()[pri:0, instance:drivers1.Test1@5ddeb7cb]" started-at="2025-08-21T23:45:57 IST" name="tearDown" finished-at="2025-08-21T23:45:58 IST" duration-ms="384" status="PASS">
          <reporter-output>
          </reporter-output>
        </test-method> <!-- tearDown -->
      </class> <!-- drivers1.Test1 -->
    </test> <!-- ChromeTests -->
    <test started-at="2025-08-21T23:45:39 IST" name="FirefoxTests" finished-at="2025-08-21T23:46:19 IST" duration-ms="39650">
      <class name="drivers1.Test1">
        <test-method is-config="true" signature="setUp(java.lang.String)[pri:0, instance:drivers1.Test1@475c9c31]" started-at="2025-08-21T23:45:39 IST" name="setUp" finished-at="2025-08-21T23:45:48 IST" duration-ms="9182" status="PASS">
          <params>
            <param index="0">
              <value>
                <![CDATA[firefox]]>
              </value>
            </param>
          </params>
          <reporter-output>
          </reporter-output>
        </test-method> <!-- setUp -->
        <test-method signature="invalidLoginTest(java.lang.String,java.lang.String)[pri:0, instance:drivers1.Test1@475c9c31]" started-at="2025-08-21T23:45:48 IST" name="invalidLoginTest" finished-at="2025-08-21T23:45:55 IST" duration-ms="6741" status="PASS">
          <params>
            <param index="0">
              <value>
                <![CDATA[rockybar]]>
              </value>
            </param>
            <param index="1">
              <value>
                <![CDATA[rocky@130589]]>
              </value>
            </param>
          </params>
          <reporter-output>
          </reporter-output>
        </test-method> <!-- invalidLoginTest -->
        <test-method is-config="true" signature="tearDown()[pri:0, instance:drivers1.Test1@475c9c31]" started-at="2025-08-21T23:45:55 IST" name="tearDown" finished-at="2025-08-21T23:45:58 IST" duration-ms="2804" status="PASS">
          <reporter-output>
          </reporter-output>
        </test-method> <!-- tearDown -->
        <test-method is-config="true" signature="setUp(java.lang.String)[pri:0, instance:drivers1.Test1@475c9c31]" started-at="2025-08-21T23:45:58 IST" name="setUp" finished-at="2025-08-21T23:46:06 IST" duration-ms="8048" status="PASS">
          <params>
            <param index="0">
              <value>
                <![CDATA[firefox]]>
              </value>
            </param>
          </params>
          <reporter-output>
          </reporter-output>
        </test-method> <!-- setUp -->
        <test-method signature="validLoginTest(java.lang.String,java.lang.String)[pri:0, instance:drivers1.Test1@475c9c31]" started-at="2025-08-21T23:46:06 IST" name="validLoginTest" finished-at="2025-08-21T23:46:16 IST" duration-ms="10356" status="PASS">
          <params>
            <param index="0">
              <value>
                <![CDATA[tomsmith]]>
              </value>
            </param>
            <param index="1">
              <value>
                <![CDATA[SuperSecretPassword!]]>
              </value>
            </param>
          </params>
          <reporter-output>
          </reporter-output>
        </test-method> <!-- validLoginTest -->
        <test-method is-config="true" signature="tearDown()[pri:0, instance:drivers1.Test1@475c9c31]" started-at="2025-08-21T23:46:16 IST" name="tearDown" finished-at="2025-08-21T23:46:19 IST" duration-ms="2323" status="PASS">
          <reporter-output>
          </reporter-output>
        </test-method> <!-- tearDown -->
      </class> <!-- drivers1.Test1 -->
    </test> <!-- FirefoxTests -->
  </suite> <!-- AutomationSuite -->
</testng-results>
