<?xml version="1.0" encoding="UTF-8"?>
<testng-results ignored="0" total="4" passed="4" failed="0" skipped="0">
  <reporter-output>
  </reporter-output>
  <suite started-at="2025-08-15T22:17:03 IST" name="ParallelBrowserSuite" finished-at="2025-08-15T22:17:40 IST" duration-ms="37786">
    <groups>
    </groups>
    <test started-at="2025-08-15T22:17:03 IST" name="ChromeTest" finished-at="2025-08-15T22:17:33 IST" duration-ms="30630">
      <class name="com.testclass.LoginTest">
        <test-method is-config="true" signature="setUp(java.lang.String)[pri:0, instance:com.testclass.LoginTest@53fb3dab]" started-at="2025-08-15T22:17:03 IST" name="setUp" finished-at="2025-08-15T22:17:14 IST" duration-ms="10979" status="PASS">
          <params>
            <param index="0">
              <value>
                <![CDATA[chrome]]>
              </value>
            </param>
          </params>
          <reporter-output>
          </reporter-output>
        </test-method> <!-- setUp -->
        <test-method signature="invalidLoginTest(java.lang.String,java.lang.String)[pri:0, instance:com.testclass.LoginTest@53fb3dab]" started-at="2025-08-15T22:17:14 IST" name="invalidLoginTest" finished-at="2025-08-15T22:17:17 IST" duration-ms="2884" status="PASS">
          <params>
            <param index="0">
              <value>
                <![CDATA[rockybar]]>
              </value>
            </param>
            <param index="1">
              <value>
                <![CDATA[rocky@130589]]>
              </value>
            </param>
          </params>
          <reporter-output>
          </reporter-output>
        </test-method> <!-- invalidLoginTest -->
        <test-method is-config="true" signature="tearDown()[pri:0, instance:com.testclass.LoginTest@53fb3dab]" started-at="2025-08-15T22:17:17 IST" name="tearDown" finished-at="2025-08-15T22:17:17 IST" duration-ms="555" status="PASS">
          <reporter-output>
          </reporter-output>
        </test-method> <!-- tearDown -->
        <test-method is-config="true" signature="setUp(java.lang.String)[pri:0, instance:com.testclass.LoginTest@53fb3dab]" started-at="2025-08-15T22:17:17 IST" name="setUp" finished-at="2025-08-15T22:17:21 IST" duration-ms="3589" status="PASS">
          <params>
            <param index="0">
              <value>
                <![CDATA[chrome]]>
              </value>
            </param>
          </params>
          <reporter-output>
          </reporter-output>
        </test-method> <!-- setUp -->
        <test-method signature="validLoginTest(java.lang.String,java.lang.String)[pri:0, instance:com.testclass.LoginTest@53fb3dab]" started-at="2025-08-15T22:17:21 IST" name="validLoginTest" finished-at="2025-08-15T22:17:33 IST" duration-ms="11991" status="PASS">
          <params>
            <param index="0">
              <value>
                <![CDATA[tomsmith]]>
              </value>
            </param>
            <param index="1">
              <value>
                <![CDATA[SuperSecretPassword!]]>
              </value>
            </param>
          </params>
          <reporter-output>
          </reporter-output>
        </test-method> <!-- validLoginTest -->
        <test-method is-config="true" signature="tearDown()[pri:0, instance:com.testclass.LoginTest@53fb3dab]" started-at="2025-08-15T22:17:33 IST" name="tearDown" finished-at="2025-08-15T22:17:33 IST" duration-ms="446" status="PASS">
          <reporter-output>
          </reporter-output>
        </test-method> <!-- tearDown -->
      </class> <!-- com.testclass.LoginTest -->
    </test> <!-- ChromeTest -->
    <test started-at="2025-08-15T22:17:03 IST" name="FirefoxTest" finished-at="2025-08-15T22:17:40 IST" duration-ms="37786">
      <class name="com.testclass.LoginTest">
        <test-method is-config="true" signature="setUp(java.lang.String)[pri:0, instance:com.testclass.LoginTest@338fc1d8]" started-at="2025-08-15T22:17:03 IST" name="setUp" finished-at="2025-08-15T22:17:20 IST" duration-ms="17057" status="PASS">
          <params>
            <param index="0">
              <value>
                <![CDATA[firefox]]>
              </value>
            </param>
          </params>
          <reporter-output>
          </reporter-output>
        </test-method> <!-- setUp -->
        <test-method signature="invalidLoginTest(java.lang.String,java.lang.String)[pri:0, instance:com.testclass.LoginTest@338fc1d8]" started-at="2025-08-15T22:17:20 IST" name="invalidLoginTest" finished-at="2025-08-15T22:17:21 IST" duration-ms="1188" status="PASS">
          <params>
            <param index="0">
              <value>
                <![CDATA[rockybar]]>
              </value>
            </param>
            <param index="1">
              <value>
                <![CDATA[rocky@130589]]>
              </value>
            </param>
          </params>
          <reporter-output>
          </reporter-output>
        </test-method> <!-- invalidLoginTest -->
        <test-method is-config="true" signature="tearDown()[pri:0, instance:com.testclass.LoginTest@338fc1d8]" started-at="2025-08-15T22:17:21 IST" name="tearDown" finished-at="2025-08-15T22:17:23 IST" duration-ms="2446" status="PASS">
          <reporter-output>
          </reporter-output>
        </test-method> <!-- tearDown -->
        <test-method is-config="true" signature="setUp(java.lang.String)[pri:0, instance:com.testclass.LoginTest@338fc1d8]" started-at="2025-08-15T22:17:23 IST" name="setUp" finished-at="2025-08-15T22:17:36 IST" duration-ms="13015" status="PASS">
          <params>
            <param index="0">
              <value>
                <![CDATA[firefox]]>
              </value>
            </param>
          </params>
          <reporter-output>
          </reporter-output>
        </test-method> <!-- setUp -->
        <test-method signature="validLoginTest(java.lang.String,java.lang.String)[pri:0, instance:com.testclass.LoginTest@338fc1d8]" started-at="2025-08-15T22:17:36 IST" name="validLoginTest" finished-at="2025-08-15T22:17:38 IST" duration-ms="1497" status="PASS">
          <params>
            <param index="0">
              <value>
                <![CDATA[tomsmith]]>
              </value>
            </param>
            <param index="1">
              <value>
                <![CDATA[SuperSecretPassword!]]>
              </value>
            </param>
          </params>
          <reporter-output>
          </reporter-output>
        </test-method> <!-- validLoginTest -->
        <test-method is-config="true" signature="tearDown()[pri:0, instance:com.testclass.LoginTest@338fc1d8]" started-at="2025-08-15T22:17:38 IST" name="tearDown" finished-at="2025-08-15T22:17:40 IST" duration-ms="2416" status="PASS">
          <reporter-output>
          </reporter-output>
        </test-method> <!-- tearDown -->
      </class> <!-- com.testclass.LoginTest -->
    </test> <!-- FirefoxTest -->
  </suite> <!-- ParallelBrowserSuite -->
</testng-results>
